make all --print-data-base --no-builtin-variables --no-builtin-rules --question
# GNU Make 3.81
 
# Copyright (C) 2006  Free Software Foundation, Inc.
# This is free software; see the source for copying conditions.
# There is NO warranty; not even for MERCHANTABILITY or FITNESS FOR A
# PARTICULAR PURPOSE.

# This program built for i386-apple-darwin11.3.0
 

# Make data base, printed on Mon Apr 24 15:38:44 2023

# Variables

# automatic
<D = $(patsubst %/,%,$(dir $<))
# automatic
?F = $(notdir $?)
# automatic
?D = $(patsubst %/,%,$(dir $?))
# automatic
@D = $(patsubst %/,%,$(dir $@))
# automatic
@F = $(notdir $@)
# makefile
CURDIR := /Users/beckygilbert/projects/lookit-orchestrator
# makefile
SHELL = /bin/sh
# environment
VSCODE_NLS_CONFIG = {"locale":"en-us","availableLanguages":{},"_languagePackSupport":true}
# environment
_ = /usr/bin/make
# makefile (from `Makefile', line 1)
MAKEFILE_LIST :=  Makefile
# environment
__CFBundleIdentifier = com.microsoft.VSCode
# environment
INFOPATH = /opt/homebrew/share/info:
# environment
VSCODE_CWD = /
# environment
PATH = /Users/beckygilbert/.poetry/bin:/opt/homebrew/bin:/opt/homebrew/sbin:/usr/local/bin:/System/Cryptexes/App/usr/bin:/usr/bin:/bin:/usr/sbin:/sbin
# environment
LaunchInstanceID = C03CFDB6-5B1A-4336-B53A-53628B72A57A
# environment
ELECTRON_RUN_AS_NODE = 1
# default
.FEATURES := target-specific order-only second-expansion else-if archives jobserver check-symlink
# environment
SSH_AUTH_SOCK = /private/tmp/com.apple.launchd.XsvKH01sSQ/Listeners
# automatic
%F = $(notdir $%)
# environment
PWD = /Users/beckygilbert/projects/lookit-orchestrator
# environment
HOMEBREW_CELLAR = /opt/homebrew/Cellar
# environment
ORIGINAL_XDG_CURRENT_DESKTOP = undefined
# environment
MANPATH = /opt/homebrew/share/man::
# environment
VSCODE_AMD_ENTRYPOINT = vs/workbench/api/node/extensionHostProcess
# environment
HOME = /Users/beckygilbert
# default
MAKEFILEPATH = $(shell /usr/bin/xcode-select -print-path 2>/dev/null || echo /Developer)/Makefiles
# environment
VSCODE_CODE_CACHE_PATH = /Users/beckygilbert/Library/Application Support/Code/CachedData/d045a5eda657f4d7b676dedbfa7aab8207f8a075
# environment
LOGNAME = beckygilbert
# environment
APPLICATION_INSIGHTS_NO_DIAGNOSTIC_CHANNEL = 1
# environment
VSCODE_HANDLES_UNCAUGHT_ERRORS = true
# automatic
^D = $(patsubst %/,%,$(dir $^))
# environment
XPC_FLAGS = 0x0
# default
MAKE = $(MAKE_COMMAND)
# default
MAKECMDGOALS := all
# environment
SHLVL = 1
# default
MAKE_VERSION := 3.81
# environment
USER = beckygilbert
# makefile
.DEFAULT_GOAL := test-deploy-script
# automatic
%D = $(patsubst %/,%,$(dir $%))
# default
MAKE_COMMAND := /Library/Developer/CommandLineTools/usr/bin/make
# default
.VARIABLES := 
# environment
TMPDIR = /var/folders/xg/sy0kk6d13wsg_h4lh5_dpd1m0000gn/T/
# automatic
*F = $(notdir $*)
# environment
VSCODE_IPC_HOOK = /Users/beckygilbert/Library/Application Support/Code/1.72.2-main.sock
# environment
MallocNanoZone = 0
# makefile
MAKEFLAGS = Rrqp
# environment
MFLAGS = -Rrqp
# automatic
*D = $(patsubst %/,%,$(dir $*))
# environment
XPC_SERVICE_NAME = application.com.microsoft.VSCode.24560641.24560647
# environment
HOMEBREW_PREFIX = /opt/homebrew
# automatic
+D = $(patsubst %/,%,$(dir $+))
# automatic
+F = $(notdir $+)
# environment
HOMEBREW_REPOSITORY = /opt/homebrew
# environment
__CF_USER_TEXT_ENCODING = 0x1F5:0x0:0x0
# environment
COMMAND_MODE = unix2003
# default
MAKEFILES := 
# automatic
<F = $(notdir $<)
# environment
LC_ALL = C
# environment
SECURITYSESSIONID = 186a5
# automatic
^F = $(notdir $^)
# default
SUFFIXES := 
# environment
MAKELEVEL := 0
# environment
LANG = C
# environment
VSCODE_PID = 470
# variable set hash-table stats:
# Load=64/1024=6%, Rehash=0, Collisions=1/87=1%

# Pattern-specific Variable Values

# No pattern-specific variable values.

# Directories

# . (device 16777231, inode 2263780): 13 files, no impossibilities.

# 13 files, no impossibilities in 1 directories.

# Implicit Rules

# No implicit rules.

# Files

decrypt-staging:
#  Phony target (prerequisite of .PHONY).
#  Implicit rule search has not been done.
#  File does not exist.
#  File has not been updated.
#  commands to execute (from `Makefile', line 78):
	gcloud kms decrypt \
	--ciphertext-file=kubernetes/lookit/environments/staging/lookit-secrets.env.enc \
	--plaintext-file=kubernetes/lookit/environments/staging/lookit-secrets.env \
	--location=us-east1 \
	--keyring=lookit-keyring \
	--key=kubernetes-secrets \
	--project=mit-lookit-keys
	gcloud kms decrypt \
	--ciphertext-file=kubernetes/lookit/environments/staging/googleAppCreds.json.enc \
	--plaintext-file=kubernetes/lookit/environments/staging/googleAppCreds.json \
	--location=us-east1 \
	--keyring=lookit-keyring \
	--key=kubernetes-secrets \
	--project=mit-lookit-keys
	gcloud kms decrypt \
	--ciphertext-file=kubernetes/lookit/environments/staging/cloudsql-client-creds.json.enc \
	--plaintext-file=kubernetes/lookit/environments/staging/cloudsql-client-creds.json \
	--location=us-east1 \
	--keyring=lookit-keyring \
	--key=kubernetes-secrets \
	--project=mit-lookit-keys
	

# Not a target:
all:
#  Command-line target.
#  Implicit rule search has been done.
#  File does not exist.
#  File has not been updated.
# variable set hash-table stats:
# Load=0/32=0%, Rehash=0, Collisions=0/0=0%

.PHONY: test-deploy-script test-cloud-build encrypt-staging encrypt-prod decrypt-prod decrypt-staging ingress clean
#  Implicit rule search has not been done.
#  Modification time never checked.
#  File has not been updated.

encrypt: encrypt-prod encrypt-staging
#  Implicit rule search has not been done.
#  Modification time never checked.
#  File has not been updated.

test-deploy-script:
#  Phony target (prerequisite of .PHONY).
#  Implicit rule search has not been done.
#  File does not exist.
#  File has not been updated.
#  commands to execute (from `Makefile', line 2):
	bash -c "COMMIT_SHA=617db9598c8dd607e43fdd1172b8037c1d86abde SHORT_SHA=617db95 REPO_NAME=lookit-api BRANCH_NAME=master TAG_NAME=latest deploy.sh"
	bash -c "COMMIT_SHA=617db9598c8dd607e43fdd1172b8037c1d86abde SHORT_SHA=617db95 REPO_NAME=lookit-api BRANCH_NAME=develop TAG_NAME=latest deploy.sh"
	

# Not a target:
.SUFFIXES:
#  Implicit rule search has not been done.
#  Modification time never checked.
#  File has not been updated.

# Not a target:
Makefile:
#  Implicit rule search has been done.
#  Last modified 2022-07-13 15:25:51
#  File has been updated.
#  Successfully updated.
# variable set hash-table stats:
# Load=0/32=0%, Rehash=0, Collisions=0/0=0%

test-cloud-build:
#  Phony target (prerequisite of .PHONY).
#  Implicit rule search has not been done.
#  File does not exist.
#  File has not been updated.
#  commands to execute (from `Makefile', line 6):
	cloud-build-local --dryrun=false --substitutions COMMIT_SHA=d34db33fdabbad00babe,SHORT_SHA=d34dbee,REPO_NAME=lookit-api,BRANCH_NAME=master,TAG_NAME=0.0.1 .
	

encrypt-prod:
#  Phony target (prerequisite of .PHONY).
#  Implicit rule search has not been done.
#  File does not exist.
#  File has not been updated.
#  commands to execute (from `Makefile', line 9):
	gcloud kms encrypt \
	--plaintext-file=kubernetes/lookit/environments/production/lookit-secrets.env \
	--ciphertext-file=kubernetes/lookit/environments/production/lookit-secrets.env.enc \
	--location=us-east1 \
	--keyring=lookit-keyring \
	--key=kubernetes-secrets \
	--project=mit-lookit-keys
	gcloud kms encrypt \
	--plaintext-file=kubernetes/lookit/environments/production/googleAppCreds.json \
	--ciphertext-file=kubernetes/lookit/environments/production/googleAppCreds.json.enc \
	--location=us-east1 \
	--keyring=lookit-keyring \
	--key=kubernetes-secrets \
	--project=mit-lookit-keys
	gcloud kms encrypt \
	--plaintext-file=kubernetes/lookit/environments/production/cloudsql-client-creds.json \
	--ciphertext-file=kubernetes/lookit/environments/production/cloudsql-client-creds.json.enc \
	--location=us-east1 \
	--keyring=lookit-keyring \
	--key=kubernetes-secrets \
	--project=mit-lookit-keys
	

decrypt-prod:
#  Phony target (prerequisite of .PHONY).
#  Implicit rule search has not been done.
#  File does not exist.
#  File has not been updated.
#  commands to execute (from `Makefile', line 55):
	gcloud kms decrypt \
	--ciphertext-file=kubernetes/lookit/environments/production/lookit-secrets.env.enc \
	--plaintext-file=kubernetes/lookit/environments/production/lookit-secrets.env \
	--location=us-east1 \
	--keyring=lookit-keyring \
	--key=kubernetes-secrets \
	--project=mit-lookit-keys
 
make: *** No rule to make target `all'.  Stop.

	gcloud kms decrypt \
	--ciphertext-file=kubernetes/lookit/environments/production/googleAppCreds.json.enc \
	--plaintext-file=kubernetes/lookit/environments/production/googleAppCreds.json \
	--location=us-east1 \
	--keyring=lookit-keyring \
	--key=kubernetes-secrets \
	--project=mit-lookit-keys
	gcloud kms decrypt \
	--ciphertext-file=kubernetes/lookit/environments/production/cloudsql-client-creds.json.enc \
	--plaintext-file=kubernetes/lookit/environments/production/cloudsql-client-creds.json \
	--location=us-east1 \
	--keyring=lookit-keyring \
	--key=kubernetes-secrets \
	--project=mit-lookit-keys
	

ingress:
#  Phony target (prerequisite of .PHONY).
#  Implicit rule search has not been done.
#  File does not exist.
#  File has not been updated.
#  commands to execute (from `Makefile', line 103):
	kubectl apply -f https://raw.githubusercontent.com/kubernetes/ingress-nginx/nginx-0.30.0/deploy/static/mandatory.yaml
	kubectl apply -f https://raw.githubusercontent.com/kubernetes/ingress-nginx/nginx-0.30.0/deploy/static/provider/cloud-generic.yaml
	

cert-manager:
#  Implicit rule search has not been done.
#  Modification time never checked.
#  File has not been updated.
#  commands to execute (from `Makefile', line 107):
	kubectl create namespace cert-manager
	kubectl apply --validate=false -f https://github.com/jetstack/cert-manager/releases/download/v0.14.0/cert-manager.yaml
	

# Not a target:
.DEFAULT:
#  Implicit rule search has not been done.
#  Modification time never checked.
#  File has not been updated.

clean:
#  Phony target (prerequisite of .PHONY).
#  Implicit rule search has not been done.
#  File does not exist.
#  File has not been updated.
#  commands to execute (from `Makefile', line 112):
	rm kubernetes/manifests/*/*.yaml
	

encrypt-staging:
#  Phony target (prerequisite of .PHONY).
#  Implicit rule search has not been done.
#  File does not exist.
#  File has not been updated.
#  commands to execute (from `Makefile', line 32):
	gcloud kms encrypt \
	--plaintext-file=kubernetes/lookit/environments/staging/lookit-secrets.env \
	--ciphertext-file=kubernetes/lookit/environments/staging/lookit-secrets.env.enc \
	--location=us-east1 \
	--keyring=lookit-keyring \
	--key=kubernetes-secrets \
	--project=mit-lookit-keys
	gcloud kms encrypt \
	--plaintext-file=kubernetes/lookit/environments/staging/googleAppCreds.json \
	--ciphertext-file=kubernetes/lookit/environments/staging/googleAppCreds.json.enc \
	--location=us-east1 \
	--keyring=lookit-keyring \
	--key=kubernetes-secrets \
	--project=mit-lookit-keys
	gcloud kms encrypt \
	--plaintext-file=kubernetes/lookit/environments/staging/cloudsql-client-creds.json \
	--ciphertext-file=kubernetes/lookit/environments/staging/cloudsql-client-creds.json.enc \
	--location=us-east1 \
	--keyring=lookit-keyring \
	--key=kubernetes-secrets \
	--project=mit-lookit-keys
	

# files hash-table stats:
# Load=15/1024=1%, Rehash=0, Collisions=0/37=0%
# VPATH Search Paths

# No `vpath' search paths.

# No general (`VPATH' variable) search path.

# # of strings in strcache: 1
# # of strcache buffers: 1
# strcache size: total = 4096 / max = 4096 / min = 4096 / avg = 4096
# strcache free: total = 4087 / max = 4087 / min = 4087 / avg = 4087

# Finished Make data base on Mon Apr 24 15:38:44 2023

 
